This is pdfTeX, Version 3.141592653-2.6-1.40.22 (MiKTeX 21.2) (preloaded format=pdflatex 2021.3.6)  17 JUN 2021 22:39
entering extended mode
**./Getriebebeleg.tex
(Getriebebeleg.tex
LaTeX2e <2020-10-01> patch level 4
L3 programming layer <2021-02-18> xparse <2020-03-03>
(C:\Program Files (x86)\MikTex\tex/latex/base\article.cls
Document Class: article 2020/04/10 v1.4m Standard LaTeX document class
(C:\Program Files (x86)\MikTex\tex/latex/base\size12.clo
File: size12.clo 2020/04/10 v1.4m Standard LaTeX file (size option)
)
\c@part=\count179
\c@section=\count180
\c@subsection=\count181
\c@subsubsection=\count182
\c@paragraph=\count183
\c@subparagraph=\count184
\c@figure=\count185
\c@table=\count186
\abovecaptionskip=\skip47
\belowcaptionskip=\skip48
\bibindent=\dimen138
)
(C:\Program Files (x86)\MikTex\tex/generic/babel\babel.sty
Package: babel 2021/01/26 3.53 The Babel package

(C:\Program Files (x86)\MikTex\tex/generic/babel\babel.def
File: babel.def 2021/01/26 3.53 Babel common definitions
\babel@savecnt=\count187
\U@D=\dimen139
\l@babelnohyphens=\language79

(C:\Program Files (x86)\MikTex\tex/generic/babel\txtbabel.def)
\bbl@readstream=\read2
)
\bbl@dirlevel=\count188

*************************************
* Local config file bblopts.cfg used
*
(C:\Program Files (x86)\MikTex\tex/latex/arabi\bblopts.cfg
File: bblopts.cfg 2005/09/08 v0.1 add Arabic and Farsi to "declared" options of
 babel
)
(C:\Program Files (x86)\MikTex\tex/latex/babel-german\ngerman.ldf
Language: ngerman 2021/02/27 v2.13 German support for babel (post-1996 orthogra
phy)

(C:\Program Files (x86)\MikTex\tex/latex/babel-german\ngermanb.ldf
Language: ngermanb 2021/02/27 v2.13 German support for babel (post-1996 orthogr
aphy)
Package babel Info: Making " an active character on input line 122.
)))
(C:\Program Files (x86)\MikTex\tex/latex/base\inputenc.sty
Package: inputenc 2020/08/01 v1.3d Input encoding file
\inpenc@prehook=\toks15
\inpenc@posthook=\toks16
)
(C:\Program Files (x86)\MikTex\tex/latex/base\fontenc.sty
Package: fontenc 2020/08/10 v2.0s Standard LaTeX package
)
(C:\Program Files (x86)\MikTex\tex/latex/amsmath\amsmath.sty
Package: amsmath 2020/09/23 v2.17i AMS math features
\@mathmargin=\skip49

For additional information on amsmath, use the `?' option.
(C:\Program Files (x86)\MikTex\tex/latex/amsmath\amstext.sty
Package: amstext 2000/06/29 v2.01 AMS text

(C:\Program Files (x86)\MikTex\tex/latex/amsmath\amsgen.sty
File: amsgen.sty 1999/11/30 v2.0 generic functions
\@emptytoks=\toks17
\ex@=\dimen140
))
(C:\Program Files (x86)\MikTex\tex/latex/amsmath\amsbsy.sty
Package: amsbsy 1999/11/29 v1.2d Bold Symbols
\pmbraise@=\dimen141
)
(C:\Program Files (x86)\MikTex\tex/latex/amsmath\amsopn.sty
Package: amsopn 2016/03/08 v2.02 operator names
)
\inf@bad=\count189
LaTeX Info: Redefining \frac on input line 234.
\uproot@=\count190
\leftroot@=\count191
LaTeX Info: Redefining \overline on input line 399.
\classnum@=\count192
\DOTSCASE@=\count193
LaTeX Info: Redefining \ldots on input line 496.
LaTeX Info: Redefining \dots on input line 499.
LaTeX Info: Redefining \cdots on input line 620.
\Mathstrutbox@=\box47
\strutbox@=\box48
\big@size=\dimen142
LaTeX Font Info:    Redeclaring font encoding OML on input line 743.
LaTeX Font Info:    Redeclaring font encoding OMS on input line 744.
\macc@depth=\count194
\c@MaxMatrixCols=\count195
\dotsspace@=\muskip16
\c@parentequation=\count196
\dspbrk@lvl=\count197
\tag@help=\toks18
\row@=\count198
\column@=\count199
\maxfields@=\count266
\andhelp@=\toks19
\eqnshift@=\dimen143
\alignsep@=\dimen144
\tagshift@=\dimen145
\tagwidth@=\dimen146
\totwidth@=\dimen147
\lineht@=\dimen148
\@envbody=\toks20
\multlinegap=\skip50
\multlinetaggap=\skip51
\mathdisplay@stack=\toks21
LaTeX Info: Redefining \[ on input line 2923.
LaTeX Info: Redefining \] on input line 2924.
)
(C:\Program Files (x86)\MikTex\tex/latex/amsfonts\amssymb.sty
Package: amssymb 2013/01/14 v3.01 AMS font symbols

(C:\Program Files (x86)\MikTex\tex/latex/amsfonts\amsfonts.sty
Package: amsfonts 2013/01/14 v3.01 Basic AMSFonts support
\symAMSa=\mathgroup4
\symAMSb=\mathgroup5
LaTeX Font Info:    Redeclaring math symbol \hbar on input line 98.
LaTeX Font Info:    Overwriting math alphabet `\mathfrak' in version `bold'
(Font)                  U/euf/m/n --> U/euf/b/n on input line 106.
))
(C:\Program Files (x86)\MikTex\tex/latex/amscls\amsthm.sty
Package: amsthm 2020/05/29 v2.20.6
\thm@style=\toks22
\thm@bodyfont=\toks23
\thm@headfont=\toks24
\thm@notefont=\toks25
\thm@headpunct=\toks26
\thm@preskip=\skip52
\thm@postskip=\skip53
\thm@headsep=\skip54
\dth@everypar=\toks27
)
(C:\Program Files (x86)\MikTex\tex/latex/pgf/frontendlayer\tikz.sty
(C:\Program Files (x86)\MikTex\tex/latex/pgf/basiclayer\pgf.sty
(C:\Program Files (x86)\MikTex\tex/latex/pgf/utilities\pgfrcs.sty
(C:\Program Files (x86)\MikTex\tex/generic/pgf/utilities\pgfutil-common.tex
\pgfutil@everybye=\toks28
\pgfutil@tempdima=\dimen149
\pgfutil@tempdimb=\dimen150

(C:\Program Files (x86)\MikTex\tex/generic/pgf/utilities\pgfutil-common-lists.t
ex)) (C:\Program Files (x86)\MikTex\tex/generic/pgf/utilities\pgfutil-latex.def
\pgfutil@abb=\box49
) (C:\Program Files (x86)\MikTex\tex/generic/pgf/utilities\pgfrcs.code.tex
(C:\Program Files (x86)\MikTex\tex/generic/pgf\pgf.revision.tex)
Package: pgfrcs 2020/12/27 v3.1.8b (3.1.8b)
))
Package: pgf 2020/12/27 v3.1.8b (3.1.8b)

(C:\Program Files (x86)\MikTex\tex/latex/pgf/basiclayer\pgfcore.sty
(C:\Program Files (x86)\MikTex\tex/latex/graphics\graphicx.sty
Package: graphicx 2020/09/09 v1.2b Enhanced LaTeX Graphics (DPC,SPQR)

(C:\Program Files (x86)\MikTex\tex/latex/graphics\keyval.sty
Package: keyval 2014/10/28 v1.15 key=value parser (DPC)
\KV@toks@=\toks29
)
(C:\Program Files (x86)\MikTex\tex/latex/graphics\graphics.sty
Package: graphics 2020/08/30 v1.4c Standard LaTeX Graphics (DPC,SPQR)

(C:\Program Files (x86)\MikTex\tex/latex/graphics\trig.sty
Package: trig 2016/01/03 v1.10 sin cos tan (DPC)
)
(C:\Program Files (x86)\MikTex\tex/latex/graphics-cfg\graphics.cfg
File: graphics.cfg 2016/06/04 v1.11 sample graphics configuration
)
Package graphics Info: Driver file: pdftex.def on input line 105.

(C:\Program Files (x86)\MikTex\tex/latex/graphics-def\pdftex.def
File: pdftex.def 2020/10/05 v1.2a Graphics/color driver for pdftex
))
\Gin@req@height=\dimen151
\Gin@req@width=\dimen152
)
(C:\Program Files (x86)\MikTex\tex/latex/pgf/systemlayer\pgfsys.sty
(C:\Program Files (x86)\MikTex\tex/generic/pgf/systemlayer\pgfsys.code.tex
Package: pgfsys 2020/12/27 v3.1.8b (3.1.8b)

(C:\Program Files (x86)\MikTex\tex/generic/pgf/utilities\pgfkeys.code.tex
\pgfkeys@pathtoks=\toks30
\pgfkeys@temptoks=\toks31

(C:\Program Files (x86)\MikTex\tex/generic/pgf/utilities\pgfkeysfiltered.code.t
ex
\pgfkeys@tmptoks=\toks32
))
\pgf@x=\dimen153
\pgf@y=\dimen154
\pgf@xa=\dimen155
\pgf@ya=\dimen156
\pgf@xb=\dimen157
\pgf@yb=\dimen158
\pgf@xc=\dimen159
\pgf@yc=\dimen160
\pgf@xd=\dimen161
\pgf@yd=\dimen162
\w@pgf@writea=\write3
\r@pgf@reada=\read3
\c@pgf@counta=\count267
\c@pgf@countb=\count268
\c@pgf@countc=\count269
\c@pgf@countd=\count270
\t@pgf@toka=\toks33
\t@pgf@tokb=\toks34
\t@pgf@tokc=\toks35
\pgf@sys@id@count=\count271
 (C:\Program Files (x86)\MikTex\tex/generic/pgf/systemlayer\pgf.cfg
File: pgf.cfg 2020/12/27 v3.1.8b (3.1.8b)
)
Driver file for pgf: pgfsys-pdftex.def

(C:\Program Files (x86)\MikTex\tex/generic/pgf/systemlayer\pgfsys-pdftex.def
File: pgfsys-pdftex.def 2020/12/27 v3.1.8b (3.1.8b)

(C:\Program Files (x86)\MikTex\tex/generic/pgf/systemlayer\pgfsys-common-pdf.de
f
File: pgfsys-common-pdf.def 2020/12/27 v3.1.8b (3.1.8b)
)))
(C:\Program Files (x86)\MikTex\tex/generic/pgf/systemlayer\pgfsyssoftpath.code.
tex
File: pgfsyssoftpath.code.tex 2020/12/27 v3.1.8b (3.1.8b)
\pgfsyssoftpath@smallbuffer@items=\count272
\pgfsyssoftpath@bigbuffer@items=\count273
)
(C:\Program Files (x86)\MikTex\tex/generic/pgf/systemlayer\pgfsysprotocol.code.
tex
File: pgfsysprotocol.code.tex 2020/12/27 v3.1.8b (3.1.8b)
)) (C:\Program Files (x86)\MikTex\tex/latex/xcolor\xcolor.sty
Package: xcolor 2016/05/11 v2.12 LaTeX color extensions (UK)

(C:\Program Files (x86)\MikTex\tex/latex/graphics-cfg\color.cfg
File: color.cfg 2016/01/02 v1.6 sample color configuration
)
Package xcolor Info: Driver file: pdftex.def on input line 225.
Package xcolor Info: Model `cmy' substituted by `cmy0' on input line 1348.
Package xcolor Info: Model `hsb' substituted by `rgb' on input line 1352.
Package xcolor Info: Model `RGB' extended on input line 1364.
Package xcolor Info: Model `HTML' substituted by `rgb' on input line 1366.
Package xcolor Info: Model `Hsb' substituted by `hsb' on input line 1367.
Package xcolor Info: Model `tHsb' substituted by `hsb' on input line 1368.
Package xcolor Info: Model `HSB' substituted by `hsb' on input line 1369.
Package xcolor Info: Model `Gray' substituted by `gray' on input line 1370.
Package xcolor Info: Model `wave' substituted by `hsb' on input line 1371.
)
(C:\Program Files (x86)\MikTex\tex/generic/pgf/basiclayer\pgfcore.code.tex
Package: pgfcore 2020/12/27 v3.1.8b (3.1.8b)

(C:\Program Files (x86)\MikTex\tex/generic/pgf/math\pgfmath.code.tex
(C:\Program Files (x86)\MikTex\tex/generic/pgf/math\pgfmathcalc.code.tex
(C:\Program Files (x86)\MikTex\tex/generic/pgf/math\pgfmathutil.code.tex)
(C:\Program Files (x86)\MikTex\tex/generic/pgf/math\pgfmathparser.code.tex
\pgfmath@dimen=\dimen163
\pgfmath@count=\count274
\pgfmath@box=\box50
\pgfmath@toks=\toks36
\pgfmath@stack@operand=\toks37
\pgfmath@stack@operation=\toks38
)
(C:\Program Files (x86)\MikTex\tex/generic/pgf/math\pgfmathfunctions.code.tex
(C:\Program Files (x86)\MikTex\tex/generic/pgf/math\pgfmathfunctions.basic.code
.tex)
(C:\Program Files (x86)\MikTex\tex/generic/pgf/math\pgfmathfunctions.trigonomet
ric.code.tex)
(C:\Program Files (x86)\MikTex\tex/generic/pgf/math\pgfmathfunctions.random.cod
e.tex)
(C:\Program Files (x86)\MikTex\tex/generic/pgf/math\pgfmathfunctions.comparison
.code.tex)
(C:\Program Files (x86)\MikTex\tex/generic/pgf/math\pgfmathfunctions.base.code.
tex)
(C:\Program Files (x86)\MikTex\tex/generic/pgf/math\pgfmathfunctions.round.code
.tex)
(C:\Program Files (x86)\MikTex\tex/generic/pgf/math\pgfmathfunctions.misc.code.
tex)
(C:\Program Files (x86)\MikTex\tex/generic/pgf/math\pgfmathfunctions.integerari
thmetics.code.tex)))
(C:\Program Files (x86)\MikTex\tex/generic/pgf/math\pgfmathfloat.code.tex
\c@pgfmathroundto@lastzeros=\count275
))
(C:\Program Files (x86)\MikTex\tex/generic/pgf/math\pgfint.code.tex)
(C:\Program Files (x86)\MikTex\tex/generic/pgf/basiclayer\pgfcorepoints.code.te
x
File: pgfcorepoints.code.tex 2020/12/27 v3.1.8b (3.1.8b)
\pgf@picminx=\dimen164
\pgf@picmaxx=\dimen165
\pgf@picminy=\dimen166
\pgf@picmaxy=\dimen167
\pgf@pathminx=\dimen168
\pgf@pathmaxx=\dimen169
\pgf@pathminy=\dimen170
\pgf@pathmaxy=\dimen171
\pgf@xx=\dimen172
\pgf@xy=\dimen173
\pgf@yx=\dimen174
\pgf@yy=\dimen175
\pgf@zx=\dimen176
\pgf@zy=\dimen177
)
(C:\Program Files (x86)\MikTex\tex/generic/pgf/basiclayer\pgfcorepathconstruct.
code.tex
File: pgfcorepathconstruct.code.tex 2020/12/27 v3.1.8b (3.1.8b)
\pgf@path@lastx=\dimen178
\pgf@path@lasty=\dimen179
)
(C:\Program Files (x86)\MikTex\tex/generic/pgf/basiclayer\pgfcorepathusage.code
.tex
File: pgfcorepathusage.code.tex 2020/12/27 v3.1.8b (3.1.8b)
\pgf@shorten@end@additional=\dimen180
\pgf@shorten@start@additional=\dimen181
)
(C:\Program Files (x86)\MikTex\tex/generic/pgf/basiclayer\pgfcorescopes.code.te
x
File: pgfcorescopes.code.tex 2020/12/27 v3.1.8b (3.1.8b)
\pgfpic=\box51
\pgf@hbox=\box52
\pgf@layerbox@main=\box53
\pgf@picture@serial@count=\count276
)
(C:\Program Files (x86)\MikTex\tex/generic/pgf/basiclayer\pgfcoregraphicstate.c
ode.tex
File: pgfcoregraphicstate.code.tex 2020/12/27 v3.1.8b (3.1.8b)
\pgflinewidth=\dimen182
)
(C:\Program Files (x86)\MikTex\tex/generic/pgf/basiclayer\pgfcoretransformation
s.code.tex
File: pgfcoretransformations.code.tex 2020/12/27 v3.1.8b (3.1.8b)
\pgf@pt@x=\dimen183
\pgf@pt@y=\dimen184
\pgf@pt@temp=\dimen185
)
(C:\Program Files (x86)\MikTex\tex/generic/pgf/basiclayer\pgfcorequick.code.tex
File: pgfcorequick.code.tex 2020/12/27 v3.1.8b (3.1.8b)
)
(C:\Program Files (x86)\MikTex\tex/generic/pgf/basiclayer\pgfcoreobjects.code.t
ex
File: pgfcoreobjects.code.tex 2020/12/27 v3.1.8b (3.1.8b)
)
(C:\Program Files (x86)\MikTex\tex/generic/pgf/basiclayer\pgfcorepathprocessing
.code.tex
File: pgfcorepathprocessing.code.tex 2020/12/27 v3.1.8b (3.1.8b)
)
(C:\Program Files (x86)\MikTex\tex/generic/pgf/basiclayer\pgfcorearrows.code.te
x
File: pgfcorearrows.code.tex 2020/12/27 v3.1.8b (3.1.8b)
\pgfarrowsep=\dimen186
)
(C:\Program Files (x86)\MikTex\tex/generic/pgf/basiclayer\pgfcoreshade.code.tex
File: pgfcoreshade.code.tex 2020/12/27 v3.1.8b (3.1.8b)
\pgf@max=\dimen187
\pgf@sys@shading@range@num=\count277
\pgf@shadingcount=\count278
)
(C:\Program Files (x86)\MikTex\tex/generic/pgf/basiclayer\pgfcoreimage.code.tex
File: pgfcoreimage.code.tex 2020/12/27 v3.1.8b (3.1.8b)

(C:\Program Files (x86)\MikTex\tex/generic/pgf/basiclayer\pgfcoreexternal.code.
tex
File: pgfcoreexternal.code.tex 2020/12/27 v3.1.8b (3.1.8b)
\pgfexternal@startupbox=\box54
))
(C:\Program Files (x86)\MikTex\tex/generic/pgf/basiclayer\pgfcorelayers.code.te
x
File: pgfcorelayers.code.tex 2020/12/27 v3.1.8b (3.1.8b)
)
(C:\Program Files (x86)\MikTex\tex/generic/pgf/basiclayer\pgfcoretransparency.c
ode.tex
File: pgfcoretransparency.code.tex 2020/12/27 v3.1.8b (3.1.8b)
)
(C:\Program Files (x86)\MikTex\tex/generic/pgf/basiclayer\pgfcorepatterns.code.
tex
File: pgfcorepatterns.code.tex 2020/12/27 v3.1.8b (3.1.8b)
)
(C:\Program Files (x86)\MikTex\tex/generic/pgf/basiclayer\pgfcorerdf.code.tex
File: pgfcorerdf.code.tex 2020/12/27 v3.1.8b (3.1.8b)
)))
(C:\Program Files (x86)\MikTex\tex/generic/pgf/modules\pgfmoduleshapes.code.tex
File: pgfmoduleshapes.code.tex 2020/12/27 v3.1.8b (3.1.8b)
\pgfnodeparttextbox=\box55
) (C:\Program Files (x86)\MikTex\tex/generic/pgf/modules\pgfmoduleplot.code.tex
File: pgfmoduleplot.code.tex 2020/12/27 v3.1.8b (3.1.8b)
)
(C:\Program Files (x86)\MikTex\tex/latex/pgf/compatibility\pgfcomp-version-0-65
.sty
Package: pgfcomp-version-0-65 2020/12/27 v3.1.8b (3.1.8b)
\pgf@nodesepstart=\dimen188
\pgf@nodesepend=\dimen189
)
(C:\Program Files (x86)\MikTex\tex/latex/pgf/compatibility\pgfcomp-version-1-18
.sty
Package: pgfcomp-version-1-18 2020/12/27 v3.1.8b (3.1.8b)
)) (C:\Program Files (x86)\MikTex\tex/latex/pgf/utilities\pgffor.sty
(C:\Program Files (x86)\MikTex\tex/latex/pgf/utilities\pgfkeys.sty
(C:\Program Files (x86)\MikTex\tex/generic/pgf/utilities\pgfkeys.code.tex))
(C:\Program Files (x86)\MikTex\tex/latex/pgf/math\pgfmath.sty
(C:\Program Files (x86)\MikTex\tex/generic/pgf/math\pgfmath.code.tex))
(C:\Program Files (x86)\MikTex\tex/generic/pgf/utilities\pgffor.code.tex
Package: pgffor 2020/12/27 v3.1.8b (3.1.8b)

(C:\Program Files (x86)\MikTex\tex/generic/pgf/math\pgfmath.code.tex)
\pgffor@iter=\dimen190
\pgffor@skip=\dimen191
\pgffor@stack=\toks39
\pgffor@toks=\toks40
))
(C:\Program Files (x86)\MikTex\tex/generic/pgf/frontendlayer/tikz\tikz.code.tex
Package: tikz 2020/12/27 v3.1.8b (3.1.8b)

(C:\Program Files (x86)\MikTex\tex/generic/pgf/libraries\pgflibraryplothandlers
.code.tex
File: pgflibraryplothandlers.code.tex 2020/12/27 v3.1.8b (3.1.8b)
\pgf@plot@mark@count=\count279
\pgfplotmarksize=\dimen192
)
\tikz@lastx=\dimen193
\tikz@lasty=\dimen194
\tikz@lastxsaved=\dimen195
\tikz@lastysaved=\dimen196
\tikz@lastmovetox=\dimen197
\tikz@lastmovetoy=\dimen198
\tikzleveldistance=\dimen199
\tikzsiblingdistance=\dimen256
\tikz@figbox=\box56
\tikz@figbox@bg=\box57
\tikz@tempbox=\box58
\tikz@tempbox@bg=\box59
\tikztreelevel=\count280
\tikznumberofchildren=\count281
\tikznumberofcurrentchild=\count282
\tikz@fig@count=\count283

(C:\Program Files (x86)\MikTex\tex/generic/pgf/modules\pgfmodulematrix.code.tex
File: pgfmodulematrix.code.tex 2020/12/27 v3.1.8b (3.1.8b)
\pgfmatrixcurrentrow=\count284
\pgfmatrixcurrentcolumn=\count285
\pgf@matrix@numberofcolumns=\count286
)
\tikz@expandcount=\count287

(C:\Program Files (x86)\MikTex\tex/generic/pgf/frontendlayer/tikz/libraries\tik
zlibrarytopaths.code.tex
File: tikzlibrarytopaths.code.tex 2020/12/27 v3.1.8b (3.1.8b)
)))
(C:\Program Files (x86)\MikTex\tex/latex/pdfpages\pdfpages.sty
Package: pdfpages 2021/03/06 v0.5t Insert pages of external PDF documents (AM)

(C:\Program Files (x86)\MikTex\tex/latex/base\ifthen.sty
Package: ifthen 2014/09/29 v1.1c Standard LaTeX ifthen package (DPC)
)
(C:\Program Files (x86)\MikTex\tex/latex/latex-tools\calc.sty
Package: calc 2017/05/25 v4.3 Infix arithmetic (KKT,FJ)
\calc@Acount=\count288
\calc@Bcount=\count289
\calc@Adimen=\dimen257
\calc@Bdimen=\dimen258
\calc@Askip=\skip55
\calc@Bskip=\skip56
LaTeX Info: Redefining \setlength on input line 80.
LaTeX Info: Redefining \addtolength on input line 81.
\calc@Ccount=\count290
\calc@Cskip=\skip57
)
(C:\Program Files (x86)\MikTex\tex/latex/eso-pic\eso-pic.sty
Package: eso-pic 2020/10/14 v3.0a eso-pic (RN)
\ESO@tempdima=\dimen259
\ESO@tempdimb=\dimen260
)
\AM@pagewidth=\dimen261
\AM@pageheight=\dimen262
\AM@fboxrule=\dimen263

(C:\Program Files (x86)\MikTex\tex/latex/pdfpages\pppdftex.def
File: pppdftex.def 2021/03/06 v0.5t Pdfpages driver for pdfTeX (AM)
)
\pdfpages@includegraphics@status=\count291
\AM@pagebox=\box60
\AM@global@opts=\toks41
\AM@pagecnt=\count292
\AM@toc@title=\toks42
\c@AM@survey=\count293
\AM@templatesizebox=\box61
)
(C:\Program Files (x86)\MikTex\tex/latex/stanli\stanli.sty
Package: stanli 

(C:\Program Files (x86)\MikTex\tex/latex/xargs\xargs.sty
Package: xargs 2008/03/22 v1.1  extended macro definitions  (mpg)

(C:\Program Files (x86)\MikTex\tex/latex/xkeyval\xkeyval.sty
Package: xkeyval 2020/11/20 v2.8 package option processing (HA)

(C:\Program Files (x86)\MikTex\tex/generic/xkeyval\xkeyval.tex
(C:\Program Files (x86)\MikTex\tex/generic/xkeyval\xkvutils.tex
\XKV@toks=\toks43
\XKV@tempa@toks=\toks44
)
\XKV@depth=\count294
File: xkeyval.tex 2014/12/03 v2.7a key=value parser (HA)
))
\xargs@max=\count295
\xargs@toksa=\toks45
\xargs@toksb=\toks46
)
(C:\Program Files (x86)\MikTex\tex/generic/pgf/frontendlayer/tikz/libraries\tik
zlibraryshapes.code.tex
File: tikzlibraryshapes.code.tex 2020/12/27 v3.1.8b (3.1.8b)

(C:\Program Files (x86)\MikTex\tex/generic/pgf/frontendlayer/tikz/libraries\tik
zlibraryshapes.geometric.code.tex
File: tikzlibraryshapes.geometric.code.tex 2020/12/27 v3.1.8b (3.1.8b)

(C:\Program Files (x86)\MikTex\tex/generic/pgf/libraries/shapes\pgflibraryshape
s.geometric.code.tex
File: pgflibraryshapes.geometric.code.tex 2020/12/27 v3.1.8b (3.1.8b)
))
(C:\Program Files (x86)\MikTex\tex/generic/pgf/frontendlayer/tikz/libraries\tik
zlibraryshapes.misc.code.tex
File: tikzlibraryshapes.misc.code.tex 2020/12/27 v3.1.8b (3.1.8b)

(C:\Program Files (x86)\MikTex\tex/generic/pgf/libraries/shapes\pgflibraryshape
s.misc.code.tex
File: pgflibraryshapes.misc.code.tex 2020/12/27 v3.1.8b (3.1.8b)
))
(C:\Program Files (x86)\MikTex\tex/generic/pgf/frontendlayer/tikz/libraries\tik
zlibraryshapes.symbols.code.tex
File: tikzlibraryshapes.symbols.code.tex 2020/12/27 v3.1.8b (3.1.8b)

(C:\Program Files (x86)\MikTex\tex/generic/pgf/libraries/shapes\pgflibraryshape
s.symbols.code.tex
File: pgflibraryshapes.symbols.code.tex 2020/12/27 v3.1.8b (3.1.8b)
))
(C:\Program Files (x86)\MikTex\tex/generic/pgf/frontendlayer/tikz/libraries\tik
zlibraryshapes.arrows.code.tex
File: tikzlibraryshapes.arrows.code.tex 2020/12/27 v3.1.8b (3.1.8b)

(C:\Program Files (x86)\MikTex\tex/generic/pgf/libraries/shapes\pgflibraryshape
s.arrows.code.tex
File: pgflibraryshapes.arrows.code.tex 2020/12/27 v3.1.8b (3.1.8b)
))
(C:\Program Files (x86)\MikTex\tex/generic/pgf/frontendlayer/tikz/libraries\tik
zlibraryshapes.callouts.code.tex
(C:\Program Files (x86)\MikTex\tex/generic/pgf/libraries/shapes\pgflibraryshape
s.callouts.code.tex))
(C:\Program Files (x86)\MikTex\tex/generic/pgf/frontendlayer/tikz/libraries\tik
zlibraryshapes.multipart.code.tex
File: tikzlibraryshapes.multipart.code.tex 2020/12/27 v3.1.8b (3.1.8b)

(C:\Program Files (x86)\MikTex\tex/generic/pgf/libraries/shapes\pgflibraryshape
s.multipart.code.tex
File: pgflibraryshapes.multipart.code.tex 2020/12/27 v3.1.8b (3.1.8b)
\pgfnodepartlowerbox=\box62
\pgfnodeparttwobox=\box63
\pgfnodepartthreebox=\box64
\pgfnodepartfourbox=\box65
\pgfnodeparttwentybox=\box66
\pgfnodepartnineteenbox=\box67
\pgfnodeparteighteenbox=\box68
\pgfnodepartseventeenbox=\box69
\pgfnodepartsixteenbox=\box70
\pgfnodepartfifteenbox=\box71
\pgfnodepartfourteenbox=\box72
\pgfnodepartthirteenbox=\box73
\pgfnodeparttwelvebox=\box74
\pgfnodepartelevenbox=\box75
\pgfnodeparttenbox=\box76
\pgfnodepartninebox=\box77
\pgfnodeparteightbox=\box78
\pgfnodepartsevenbox=\box79
\pgfnodepartsixbox=\box80
\pgfnodepartfivebox=\box81
)))
(C:\Program Files (x86)\MikTex\tex/generic/pgf/frontendlayer/tikz/libraries\tik
zlibraryarrows.code.tex
File: tikzlibraryarrows.code.tex 2020/12/27 v3.1.8b (3.1.8b)

(C:\Program Files (x86)\MikTex\tex/generic/pgf/libraries\pgflibraryarrows.code.
tex
File: pgflibraryarrows.code.tex 2020/12/27 v3.1.8b (3.1.8b)
\arrowsize=\dimen264
))
(C:\Program Files (x86)\MikTex\tex/generic/pgf/frontendlayer/tikz/libraries\tik
zlibrarypositioning.code.tex
File: tikzlibrarypositioning.code.tex 2020/12/27 v3.1.8b (3.1.8b)
)
(C:\Program Files (x86)\MikTex\tex/latex/latex-tools\verbatim.sty
Package: verbatim 2020-07-07 v1.5u LaTeX2e package for verbatim enhancements
\every@verbatim=\toks47
\verbatim@line=\toks48
\verbatim@in@stream=\read4
)
(C:\Program Files (x86)\MikTex\tex/generic/pgf/frontendlayer/tikz/libraries\tik
zlibraryautomata.code.tex
File: tikzlibraryautomata.code.tex 2020/12/27 v3.1.8b (3.1.8b)
)
(C:\Program Files (x86)\MikTex\tex/generic/pgf/frontendlayer/tikz/libraries\tik
zlibrarycalc.code.tex
File: tikzlibrarycalc.code.tex 2020/12/27 v3.1.8b (3.1.8b)
)
(C:\Program Files (x86)\MikTex\tex/generic/pgf/frontendlayer/tikz/libraries\tik
zlibrary3d.code.tex
File: tikzlibrary3d.code.tex 2020/12/27 v3.1.8b (3.1.8b)
)
(C:\Program Files (x86)\MikTex\tex/generic/pgf/frontendlayer/tikz/libraries\tik
zlibrarydecorations.pathreplacing.code.tex
(C:\Program Files (x86)\MikTex\tex/generic/pgf/frontendlayer/tikz/libraries\tik
zlibrarydecorations.code.tex
(C:\Program Files (x86)\MikTex\tex/generic/pgf/modules\pgfmoduledecorations.cod
e.tex
\pgfdecoratedcompleteddistance=\dimen265
\pgfdecoratedremainingdistance=\dimen266
\pgfdecoratedinputsegmentcompleteddistance=\dimen267
\pgfdecoratedinputsegmentremainingdistance=\dimen268
\pgf@decorate@distancetomove=\dimen269
\pgf@decorate@repeatstate=\count296
\pgfdecorationsegmentamplitude=\dimen270
\pgfdecorationsegmentlength=\dimen271
)
\tikz@lib@dec@box=\box82
)
(C:\Program Files (x86)\MikTex\tex/generic/pgf/libraries/decorations\pgflibrary
decorations.pathreplacing.code.tex))
(C:\Program Files (x86)\MikTex\tex/generic/pgf/frontendlayer/tikz/libraries\tik
zlibrarydecorations.pathmorphing.code.tex
(C:\Program Files (x86)\MikTex\tex/generic/pgf/libraries/decorations\pgflibrary
decorations.pathmorphing.code.tex))
(C:\Program Files (x86)\MikTex\tex/generic/pgf/frontendlayer/tikz/libraries\tik
zlibrarypatterns.code.tex
File: tikzlibrarypatterns.code.tex 2020/12/27 v3.1.8b (3.1.8b)

(C:\Program Files (x86)\MikTex\tex/generic/pgf/libraries\pgflibrarypatterns.cod
e.tex
File: pgflibrarypatterns.code.tex 2020/12/27 v3.1.8b (3.1.8b)
)))
(C:\Program Files (x86)\MikTex\tex/generic/pgf/frontendlayer/tikz/libraries\tik
zlibraryplotmarks.code.tex
File: tikzlibraryplotmarks.code.tex 2020/12/27 v3.1.8b (3.1.8b)

(C:\Program Files (x86)\MikTex\tex/generic/pgf/libraries\pgflibraryplotmarks.co
de.tex
File: pgflibraryplotmarks.code.tex 2020/12/27 v3.1.8b (3.1.8b)
))
(C:\Program Files (x86)\MikTex\tex/latex/l3backend\l3backend-pdftex.def
File: l3backend-pdftex.def 2021-02-18 L3 backend support: PDF output (pdfTeX)
\l__color_backend_stack_int=\count297
\l__pdf_internal_box=\box83
)
(Getriebebeleg.aux)
\openout1 = `Getriebebeleg.aux'.

LaTeX Font Info:    Checking defaults for OML/cmm/m/it on input line 21.
LaTeX Font Info:    ... okay on input line 21.
LaTeX Font Info:    Checking defaults for OMS/cmsy/m/n on input line 21.
LaTeX Font Info:    ... okay on input line 21.
LaTeX Font Info:    Checking defaults for OT1/cmr/m/n on input line 21.
LaTeX Font Info:    ... okay on input line 21.
LaTeX Font Info:    Checking defaults for T1/cmr/m/n on input line 21.
LaTeX Font Info:    ... okay on input line 21.
LaTeX Font Info:    Checking defaults for TS1/cmr/m/n on input line 21.
LaTeX Font Info:    ... okay on input line 21.
LaTeX Font Info:    Checking defaults for OMX/cmex/m/n on input line 21.
LaTeX Font Info:    ... okay on input line 21.
LaTeX Font Info:    Checking defaults for U/cmr/m/n on input line 21.
LaTeX Font Info:    ... okay on input line 21.

(C:\Program Files (x86)\MikTex\tex/context/base/mkii\supp-pdf.mkii
[Loading MPS to PDF converter (version 2006.09.02).]
\scratchcounter=\count298
\scratchdimen=\dimen272
\scratchbox=\box84
\nofMPsegments=\count299
\nofMParguments=\count300
\everyMPshowfont=\toks49
\MPscratchCnt=\count301
\MPscratchDim=\dimen273
\MPnumerator=\count302
\makeMPintoPDFobject=\count303
\everyMPtoPDFconversion=\toks50
) (C:\Program Files (x86)\MikTex\tex/latex/epstopdf-pkg\epstopdf-base.sty
Package: epstopdf-base 2020-01-24 v2.11 Base part for package epstopdf
Package epstopdf-base Info: Redefining graphics rule for `.eps' on input line 4
85.
)
(C:\Program Files (x86)\MikTex\tex/latex/pdflscape\pdflscape.sty
Package: pdflscape 2019/12/05 v0.12 Display of landscape pages in PDF (HO)

(C:\Program Files (x86)\MikTex\tex/generic/iftex\iftex.sty
Package: iftex 2020/03/06 v1.0d TeX engine tests
)
(C:\Program Files (x86)\MikTex\tex/latex/graphics\lscape.sty
Package: lscape 2020/05/28 v3.02 Landscape Pages (DPC)
)
Package pdflscape Info: Auto-detected driver: pdftex on input line 81.
)
(Getriebebeleg.toc
LaTeX Font Info:    Trying to load font information for U+msa on input line 3.
 (C:\Program Files (x86)\MikTex\tex/latex/amsfonts\umsa.fd
File: umsa.fd 2013/01/14 v3.01 AMS symbols A
)
LaTeX Font Info:    Trying to load font information for U+msb on input line 3.

(C:\Program Files (x86)\MikTex\tex/latex/amsfonts\umsb.fd
File: umsb.fd 2013/01/14 v3.01 AMS symbols B
))
\tf@toc=\write4
\openout4 = `Getriebebeleg.toc'.

 [1

{C:/Users/Moritz/AppData/Local/MiKTeX/pdftex/config/pdftex.map}]
<Getriebe_Schnitt.pdf, id=11, 3383.0389pt x 2392.87971pt>
File: Getriebe_Schnitt.pdf Graphic file (type pdf)
<use Getriebe_Schnitt.pdf>
Package pdftex.def Info: Getriebe_Schnitt.pdf  used on input line 28.
(pdftex.def)             Requested size: 390.0pt x 275.85086pt.
 [2 <./Getriebe_Schnitt.pdf>]
<Getriebe_Draufsicht.pdf, id=22, 3383.0389pt x 2392.87971pt>
File: Getriebe_Draufsicht.pdf Graphic file (type pdf)
<use Getriebe_Draufsicht.pdf>
Package pdftex.def Info: Getriebe_Draufsicht.pdf  used on input line 31.
(pdftex.def)             Requested size: 390.0pt x 275.85086pt.
<Getriebe_Vorderansicht.pdf, id=23, 3383.0389pt x 2392.87971pt>
File: Getriebe_Vorderansicht.pdf Graphic file (type pdf)
<use Getriebe_Vorderansicht.pdf>
Package pdftex.def Info: Getriebe_Vorderansicht.pdf  used on input line 33.
(pdftex.def)             Requested size: 390.0pt x 275.85086pt.
<Zwischenwelle_Zeichnung.pdf, id=24, 1690.09421pt x 1195.02466pt>
File: Zwischenwelle_Zeichnung.pdf Graphic file (type pdf)
<use Zwischenwelle_Zeichnung.pdf>
Package pdftex.def Info: Zwischenwelle_Zeichnung.pdf  used on input line 35.
(pdftex.def)             Requested size: 390.0pt x 275.76161pt.

[3 <./Getriebe_Draufsicht.pdf> <./Getriebe_Vorderansicht.pdf>]
<Stueckliste.pdf, id=40, page=1, 597.55246pt x 845.07718pt>
File: Stueckliste.pdf Graphic file (type pdf)
<use Stueckliste.pdf, page 1>
Package pdftex.def Info: Stueckliste.pdf , page1 used on input line 37.
(pdftex.def)             Requested size: 390.0pt x 551.56316pt.
 [4 <./Zwischenwelle_Zeichnung.pdf>] [5 <./Stueckliste.pdf>]
<Stueckliste.pdf, id=63, page=2, 597.55246pt x 845.07718pt>
File: Stueckliste.pdf Graphic file (type pdf)
<use Stueckliste.pdf, page 2>
Package pdftex.def Info: Stueckliste.pdf , page2 used on input line 39.
(pdftex.def)             Requested size: 390.0pt x 551.56316pt.
 [6 <./Stueckliste.pdf>]
<Stueckliste.pdf, id=81, page=3, 597.55246pt x 845.07718pt>
File: Stueckliste.pdf Graphic file (type pdf)
<use Stueckliste.pdf, page 3>
Package pdftex.def Info: Stueckliste.pdf , page3 used on input line 41.
(pdftex.def)             Requested size: 390.0pt x 551.56316pt.
 [7 <./Stueckliste.pdf>] [8]
Underfull \hbox (badness 10000) in paragraph at lines 79--82

 []

[9]
Underfull \hbox (badness 10000) in paragraph at lines 107--110

 []


Underfull \hbox (badness 10000) in paragraph at lines 123--125

 []

[10]
Underfull \hbox (badness 10000) in paragraph at lines 143--145

 []

[11]
Underfull \hbox (badness 10000) in paragraph at lines 158--160

 []

[12]
Underfull \hbox (badness 10000) in paragraph at lines 178--180

 []


Underfull \hbox (badness 10000) in paragraph at lines 192--193

 []


Underfull \hbox (badness 10000) in paragraph at lines 192--193

 []

[13] [14]
Underfull \hbox (badness 10000) in paragraph at lines 229--231

 []


LaTeX Warning: Command \" invalid in math mode on input line 249.

Missing character: There is no ä in font cmr12!

LaTeX Warning: Command \" invalid in math mode on input line 249.

Missing character: There is no ä in font cmr12!
[15]
Underfull \hbox (badness 10000) in paragraph at lines 257--259

 []


LaTeX Warning: Command \" invalid in math mode on input line 277.

Missing character: There is no ä in font cmr12!

LaTeX Warning: Command \" invalid in math mode on input line 277.

Missing character: There is no ä in font cmr12!
[16]
Underfull \hbox (badness 10000) in paragraph at lines 284--286

 []

[17]

LaTeX Warning: Command \" invalid in math mode on input line 304.

Missing character: There is no ä in font cmr12!

LaTeX Warning: Command \" invalid in math mode on input line 304.

Missing character: There is no ä in font cmr12!

Underfull \hbox (badness 10000) in paragraph at lines 311--313

 []

[18]

LaTeX Warning: Command \" invalid in math mode on input line 331.

Missing character: There is no ä in font cmr12!

LaTeX Warning: Command \" invalid in math mode on input line 331.

Missing character: There is no ä in font cmr12!

Underfull \hbox (badness 10000) in paragraph at lines 339--341

 []

[19]

LaTeX Warning: Command \" invalid in math mode on input line 359.

Missing character: There is no ä in font cmr12!

LaTeX Warning: Command \" invalid in math mode on input line 359.

Missing character: There is no ä in font cmr12!

Underfull \hbox (badness 10000) in paragraph at lines 367--369

 []

[20]

LaTeX Warning: Command \" invalid in math mode on input line 387.

Missing character: There is no ä in font cmr12!

LaTeX Warning: Command \" invalid in math mode on input line 387.

Missing character: There is no ä in font cmr12!
[21]
Overfull \hbox (76.46735pt too wide) detected at line 436
[]
 []

[22] [23] [24] [25]
Overfull \vbox (56.06647pt too high) has occurred while \output is active []


[26] [27] [28] [29] [30] [31] [32] [33] [34] [35]
Overfull \vbox (6.15901pt too high) has occurred while \output is active []


[36]
Overfull \vbox (56.2078pt too high) has occurred while \output is active []


[37] [38] [39] [40] [41] [42] [43] [44] [45] [46]
Overfull \hbox (7.49161pt too wide) in paragraph at lines 823--823
[]\T1/cmr/bx/n/14.4 Nachrechnung al-ler Wel-len, Welle-Nabe-Verbindung,
 []

[47] [48] (Getriebebeleg.aux) ) 
Here is how much of TeX's memory you used:
 18567 strings out of 479334
 388300 string characters out of 2864126
 737405 words of memory out of 3000000
 35627 multiletter control sequences out of 15000+200000
 413040 words of font info for 52 fonts, out of 3000000 for 9000
 1141 hyphenation exceptions out of 8191
 113i,14n,116p,419b,220s stack positions out of 5000i,500n,10000p,200000b,50000s
 <C:\Users\Moritz\AppData\Local\MiKTeX\fonts/pk/
ljfour/jknappen/ec/dpi600\tcrm1200.pk> <C:\Users\Moritz\AppData\Local\MiKTeX\fo
nts/pk/ljfour/jknappen/ec/dpi600\ecbx1440.pk> <C:\Users\Moritz\AppData\Local\Mi
KTeX\fonts/pk/ljfour/jknappen/ec/dpi600\ecrm1200.pk> <C:\Users\Moritz\AppData\L
ocal\MiKTeX\fonts/pk/ljfour/jknappen/ec/dpi600\ecbx1200.pk> <C:\Users\Moritz\Ap
pData\Local\MiKTeX\fonts/pk/ljfour/jknappen/ec/dpi600\ecbx1728.pk><C:/Program F
iles (x86)/MikTex/fonts/type1/public/amsfonts/cm/cmex10.pfb><C:/Program Files (
x86)/MikTex/fonts/type1/public/amsfonts/cmextra/cmex8.pfb><C:/Program Files (x8
6)/MikTex/fonts/type1/public/amsfonts/cm/cmmi12.pfb><C:/Program Files (x86)/Mik
Tex/fonts/type1/public/amsfonts/cm/cmmi6.pfb><C:/Program Files (x86)/MikTex/fon
ts/type1/public/amsfonts/cm/cmmi8.pfb><C:/Program Files (x86)/MikTex/fonts/type
1/public/amsfonts/cm/cmr12.pfb><C:/Program Files (x86)/MikTex/fonts/type1/publi
c/amsfonts/cm/cmr6.pfb><C:/Program Files (x86)/MikTex/fonts/type1/public/amsfon
ts/cm/cmr8.pfb><C:/Program Files (x86)/MikTex/fonts/type1/public/amsfonts/cm/cm
sy10.pfb><C:/Program Files (x86)/MikTex/fonts/type1/public/amsfonts/cm/cmsy6.pf
b><C:/Program Files (x86)/MikTex/fonts/type1/public/amsfonts/cm/cmsy8.pfb>
Output written on Getriebebeleg.pdf (48 pages, 1319792 bytes).
PDF statistics:
 481 PDF objects out of 1000 (max. 8388607)
 0 named destinations out of 1000 (max. 500000)
 48 words of extra memory for PDF output out of 10000 (max. 10000000)

